<?xml version="1.0" encoding="UTF-8"?>
<!-- Generated by org.testng.reporters.JUnitXMLReporter -->
<testsuite hostname="Santi-laptop" name="Surefire test" tests="6" failures="0" timestamp="19 Jul 2016 12:32:56 GMT" time="32.226" errors="0">
  <testcase name="googleCampeonExample" time="19.704" classname="com.google.BasicTestWD"/>
  <testcase name="googleCraftBeerExample" time="3.691" classname="com.google.BasicTestWD"/>
  <testcase name="googleIndianFoodExample" time="1.925" classname="com.google.BasicTestWD"/>
  <testcase name="googlePenarolExample" time="2.703" classname="com.google.BasicTestWD"/>
  <testcase name="googlePuntaDelDiabloExample" time="2.396" classname="com.google.BasicTestWD"/>
  <testcase name="googlePuntaDelEsteExample" time="1.729" classname="com.google.BasicTestWD"/>
</testsuite> <!-- Surefire test -->
