<?xml version="1.0" encoding="UTF-8"?>
<!-- Generated by org.testng.reporters.JUnitXMLReporter -->
<testsuite hostname="Santi-laptop" name="Surefire test" tests="13" failures="0" timestamp="20 Jul 2016 18:48:00 GMT" time="103.761" errors="0">
  <testcase name="goToTheNewsPage" time="51.285" classname="com.google.tests.NewsTestWD"/>
  <testcase name="googleCampeonExample" time="6.205" classname="com.google.tests.NewsTestWD"/>
  <testcase name="googleCraftBeerExample" time="2.699" classname="com.google.tests.NewsTestWD"/>
  <testcase name="googleIndianFoodExample" time="2.876" classname="com.google.tests.NewsTestWD"/>
  <testcase name="googlePenarolExample" time="3.772" classname="com.google.tests.NewsTestWD"/>
  <testcase name="googlePuntaDelDiabloExample" time="3.331" classname="com.google.tests.NewsTestWD"/>
  <testcase name="googlePuntaDelEsteExample" time="3.521" classname="com.google.tests.NewsTestWD"/>
  <testcase name="fluentWaitIgnoringACollectionOfExceptions" time="11.989" classname="com.google.tests.WaitTestsWD"/>
  <testcase name="fluentWaitIgnoringAListOfExceptions" time="2.313" classname="com.google.tests.WaitTestsWD"/>
  <testcase name="fluentWaitIgnoringMultipleExceptions" time="2.104" classname="com.google.tests.WaitTestsWD"/>
  <testcase name="fluentWaitIgnoringSingleException" time="2.25" classname="com.google.tests.WaitTestsWD"/>
  <testcase name="loadAngularJSSite" time="2.951" classname="com.google.tests.WaitTestsWD"/>
  <testcase name="loadJquerySite" time="8.167" classname="com.google.tests.WaitTestsWD"/>
</testsuite> <!-- Surefire test -->
